{"created": 1767729892.819851, "duration": 0.014002799987792969, "exitcode": 1, "root": "/private/var/folders/gj/k2kzp6nd5g73g17vdm450d0w0000gn/T/pytest-of-philipjcortes/pytest-704/test_analyze_all_path_option0", "environment": {}, "summary": {"passed": 1, "failed": 1, "total": 2, "collected": 2}, "collectors": [{"nodeid": "", "outcome": "passed", "result": [{"nodeid": ".", "type": "Dir"}]}, {"nodeid": "src", "outcome": "passed", "result": []}, {"nodeid": "tests/test_buggy.py", "outcome": "passed", "result": [{"nodeid": "tests/test_buggy.py::test_that_passes", "type": "Function", "lineno": 5}, {"nodeid": "tests/test_buggy.py::test_that_fails", "type": "Function", "lineno": 10}]}, {"nodeid": "tests", "outcome": "passed", "result": [{"nodeid": "tests/test_buggy.py", "type": "Module"}]}, {"nodeid": ".", "outcome": "passed", "result": [{"nodeid": "src", "type": "Package"}, {"nodeid": "tests", "type": "Package"}]}], "tests": [{"nodeid": "tests/test_buggy.py::test_that_passes", "lineno": 5, "outcome": "passed", "keywords": ["test_that_passes", "test_buggy.py", "tests", "test_analyze_all_path_option0", ""], "setup": {"duration": 0.00020225002663210034, "outcome": "passed"}, "call": {"duration": 6.833299994468689e-05, "outcome": "passed"}, "teardown": {"duration": 4.7290988732129335e-05, "outcome": "passed"}}, {"nodeid": "tests/test_buggy.py::test_that_fails", "lineno": 10, "outcome": "failed", "keywords": ["test_that_fails", "test_buggy.py", "tests", "test_analyze_all_path_option0", ""], "setup": {"duration": 5.379098001867533e-05, "outcome": "passed"}, "call": {"duration": 0.00013820803724229336, "outcome": "failed", "crash": {"path": "/private/var/folders/gj/k2kzp6nd5g73g17vdm450d0w0000gn/T/pytest-of-philipjcortes/pytest-704/test_analyze_all_path_option0/tests/test_buggy.py", "lineno": 13, "message": "AssertionError: Intentional failure for testing\nassert (1 + 1) == 3"}, "traceback": [{"path": "/private/var/folders/gj/k2kzp6nd5g73g17vdm450d0w0000gn/T/pytest-of-philipjcortes/pytest-704/test_analyze_all_path_option0/tests/test_buggy.py", "lineno": 13, "message": "AssertionError"}], "longrepr": "def test_that_fails():\n        \"\"\"This test fails intentionally.\"\"\"\n>       assert 1 + 1 == 3, \"Intentional failure for testing\"\nE       AssertionError: Intentional failure for testing\nE       assert (1 + 1) == 3\n\n/private/var/folders/gj/k2kzp6nd5g73g17vdm450d0w0000gn/T/pytest-of-philipjcortes/pytest-704/test_analyze_all_path_option0/tests/test_buggy.py:13: AssertionError"}, "teardown": {"duration": 9.833398507907987e-05, "outcome": "passed"}}]}