{
  "bug_id": "debate-test-001",
  "phase": "fixed",
  "created_at": "2025-12-12T20:51:30.991672Z",
  "updated_at": "2025-12-12T20:57:54.134248Z",
  "report": {
    "description": "Off-by-one error in get_items function - test expects inclusive range but gets exclusive",
    "test_path": "tests/generated/test_debate_validation.py",
    "github_issue": null,
    "error_message": null,
    "stack_trace": null,
    "steps_to_reproduce": []
  },
  "reproduction": {
    "confirmed": true,
    "reproduction_steps": [
      "Ran pytest tests/generated/test_debate_validation.py -v --tb=long",
      "All 3 tests failed with AssertionError showing off-by-one errors",
      "Read the test file to examine the get_items function implementation"
    ],
    "test_output": "============================= test session starts ==============================\nplatform darwin -- Python 3.13.3, pytest-8.3.5, pluggy-1.5.0\ncollecting ... collected 3 items\n\ntests/generated/test_debate_validation.py::test_get_items_basic FAILED   [ 33%]\ntests/generated/test_debate_validation.py::test_get_items_full_range FAILED [ 66%]\ntests/generated/test_debate_validation.py::test_get_items_single FAILED  [100%]\n\n=================================== FAILURES ===================================\n_____________________________ test_get_items_basic _____________________________\n\n    def test_get_items_basic():\n        \"\"\"Test that get_items returns inclusive range.\"\"\"\n        items = [1, 2, 3, 4, 5]\n        # Want items at indices 1, 2, 3 which are values 2, 3, 4\n        result = get_items(items, 1, 3)\n>       assert result == [2, 3, 4], f\"Expected [2, 3, 4], got {result}\"\nE       AssertionError: Expected [2, 3, 4], got [2, 3]\nE       assert [2, 3] == [2, 3, 4]\n\ntests/generated/test_debate_validation.py:26: AssertionError\n__________________________ test_get_items_full_range ___________________________\n\n    def test_get_items_full_range():\n        \"\"\"Test getting full range of items.\"\"\"\n        items = [\"a\", \"b\", \"c\", \"d\", \"e\"]\n        # Want all items from index 0 to 4 inclusive\n        result = get_items(items, 0, 4)\n>       assert result == [\"a\", \"b\", \"c\", \"d\", \"e\"], f\"Expected full list, got {result}\"\nE       AssertionError: Expected full list, got ['a', 'b', 'c', 'd']\nE       assert ['a', 'b', 'c', 'd'] == ['a', 'b', 'c', 'd', 'e']\n\ntests/generated/test_debate_validation.py:34: AssertionError\n____________________________ test_get_items_single _____________________________\n\n    def test_get_items_single():\n        \"\"\"Test getting a single item.\"\"\"\n        items = [10, 20, 30, 40, 50]\n        # Want just the item at index 2 (value 30)\n        result = get_items(items, 2, 2)\n>       assert result == [30], f\"Expected [30], got {result}\"\nE       AssertionError: Expected [30], got []\nE       assert [] == [30]\n\ntests/generated/test_debate_validation.py:42: AssertionError\n============================== 3 failed in 0.01s ===============================",
    "error_message": "AssertionError: Expected [2, 3, 4], got [2, 3]",
    "stack_trace": "tests/generated/test_debate_validation.py:26: AssertionError\ntests/generated/test_debate_validation.py:34: AssertionError\ntests/generated/test_debate_validation.py:42: AssertionError",
    "affected_files": [
      "tests/generated/test_debate_validation.py"
    ],
    "related_code_snippets": {
      "tests/generated/test_debate_validation.py:4-18": "def get_items(items, start, end):\n    \"\"\"Get items from start to end (inclusive).\n\n    Args:\n        items: List of items to slice\n        start: Starting index (0-based)\n        end: Ending index (inclusive)\n\n    Returns:\n        Sublist from start to end inclusive\n    \"\"\"\n    # BUG: Python slicing is exclusive on the end index\n    # This returns items[start:end] but should be items[start:end+1]\n    # for the documented \"inclusive\" behavior\n    return items[start:end]",
      "tests/generated/test_debate_validation.py:21-26": "def test_get_items_basic():\n    \"\"\"Test that get_items returns inclusive range.\"\"\"\n    items = [1, 2, 3, 4, 5]\n    # Want items at indices 1, 2, 3 which are values 2, 3, 4\n    result = get_items(items, 1, 3)\n    assert result == [2, 3, 4], f\"Expected [2, 3, 4], got {result}\""
    },
    "confidence": "high",
    "notes": "The bug is clearly documented in the code itself. The get_items function uses items[start:end] but the docstring and tests expect inclusive behavior (items[start:end+1]). Python's slice notation is exclusive on the end index, so items[1:3] returns indices 1 and 2, not 1, 2, and 3. The fix is to change line 18 from 'return items[start:end]' to 'return items[start:end+1]'.",
    "attempts": 1,
    "environment": {
      "python_version": "3.13.3",
      "os": "Darwin 24.6.0",
      "pytest_version": "8.3.5"
    }
  },
  "root_cause": {
    "summary": "get_items() uses exclusive Python slice items[start:end] instead of inclusive items[start:end+1]",
    "execution_trace": [
      "1. test_get_items_basic() calls get_items([1,2,3,4,5], 1, 3) expecting indices 1,2,3",
      "2. get_items() receives items=[1,2,3,4,5], start=1, end=3",
      "3. get_items() executes 'return items[start:end]' which is items[1:3]",
      "4. Python slice items[1:3] returns elements at indices 1 and 2 only (exclusive end)",
      "5. Result is [2, 3] but expected [2, 3, 4] for inclusive range through index 3"
    ],
    "root_cause_file": "tests/generated/test_debate_validation.py",
    "root_cause_line": 18,
    "root_cause_code": "return items[start:end]",
    "root_cause_explanation": "The get_items() function is documented to return items from 'start to end (inclusive)' per line 5 and line 10. However, the implementation on line 18 uses Python's native slice notation items[start:end], which is exclusive on the end index. In Python, items[1:3] returns elements at indices 1 and 2, not indices 1, 2, and 3. To achieve the documented inclusive behavior, the implementation should be items[start:end+1]. This is a classic semantic mismatch between the function's contract (inclusive end) and Python's slice semantics (exclusive end).",
    "why_not_caught": "This is a test file specifically created to validate the debate layer. The bug is intentionally introduced (as noted in the code comments on lines 15-17) to test the bug detection pipeline. There are no separate unit tests for the get_items function outside of this test file, and the tests in this file are designed to fail to demonstrate bug detection capabilities.",
    "confidence": "high",
    "alternative_hypotheses": [
      "Considered whether the test expectations were wrong - ruled out because the docstring clearly states 'inclusive' behavior on lines 5, 10, and 13",
      "Considered whether this might be an edge case issue - ruled out because all three tests fail consistently with the same off-by-one pattern"
    ]
  },
  "fix_plan": {
    "summary": "Fix off-by-one error by changing slice from items[start:end] to items[start:end+1] to match documented inclusive end behavior",
    "changes": [
      {
        "file_path": "tests/generated/test_debate_validation.py",
        "change_type": "modify",
        "current_code": "    # BUG: Python slicing is exclusive on the end index\n    # This returns items[start:end] but should be items[start:end+1]\n    # for the documented \"inclusive\" behavior\n    return items[start:end]",
        "proposed_code": "    # Fixed: Use end+1 to achieve inclusive end behavior\n    return items[start:end+1]",
        "explanation": "Python slices are exclusive on the end index. To implement the documented inclusive behavior (items from start to end inclusive), we must use items[start:end+1]. This ensures the item at index 'end' is included in the result."
      }
    ],
    "test_cases": [
      {
        "name": "test_get_items_inclusive_end_regression",
        "description": "Regression test: verify the exact failing scenario now works - indices 1-3 inclusive returns values [2,3,4]",
        "test_code": "def test_get_items_inclusive_end_regression():\n    \"\"\"Regression test for off-by-one bug: end index must be inclusive.\"\"\"\n    items = [1, 2, 3, 4, 5]\n    result = get_items(items, 1, 3)\n    assert result == [2, 3, 4], f\"Expected [2, 3, 4], got {result}\"\n    # Verify length matches expected inclusive range\n    assert len(result) == 3, f\"Expected 3 items for range 1-3 inclusive\"",
        "category": "regression"
      },
      {
        "name": "test_get_items_boundary_conditions",
        "description": "Edge case: test boundary conditions including start=end (single element) and full list",
        "test_code": "def test_get_items_boundary_conditions():\n    \"\"\"Edge case: test boundary conditions for inclusive slicing.\"\"\"\n    items = [0, 1, 2, 3, 4]\n    \n    # Single element: start == end should return one item\n    assert get_items(items, 2, 2) == [2], \"Single element case failed\"\n    \n    # First element only\n    assert get_items(items, 0, 0) == [0], \"First element only case failed\"\n    \n    # Last element only\n    assert get_items(items, 4, 4) == [4], \"Last element only case failed\"\n    \n    # Full range\n    assert get_items(items, 0, 4) == [0, 1, 2, 3, 4], \"Full range case failed\"",
        "category": "edge_case"
      },
      {
        "name": "test_get_items_adjacent_indices",
        "description": "Edge case: verify adjacent indices return exactly 2 elements",
        "test_code": "def test_get_items_adjacent_indices():\n    \"\"\"Edge case: adjacent indices should return exactly 2 elements.\"\"\"\n    items = ['a', 'b', 'c', 'd', 'e']\n    \n    # Indices 1-2 inclusive should return 2 elements\n    result = get_items(items, 1, 2)\n    assert result == ['b', 'c'], f\"Expected ['b', 'c'], got {result}\"\n    assert len(result) == 2, \"Adjacent indices should return exactly 2 elements\"",
        "category": "edge_case"
      }
    ],
    "risk_level": "low",
    "risk_explanation": "The fix is a single-line change to the core logic that directly addresses the documented behavior. The function's docstring clearly specifies inclusive end behavior, so this change aligns implementation with specification. The fix is simple (end+1 instead of end) and the existing test cases in the file will now pass, providing immediate validation.",
    "scope": "Single function in a test validation file - only get_items() function at line 18",
    "side_effects": [
      "All three existing tests in this file will now pass (this is the expected/desired outcome)",
      "Any code calling get_items() expecting the buggy exclusive behavior would be affected, but the docstring clearly documents inclusive behavior so callers should expect this"
    ],
    "rollback_plan": "Revert the single line change from 'return items[start:end+1]' back to 'return items[start:end]'. Since this is a test file for validation purposes, rollback would restore the intentional bug for testing the bug detection pipeline.",
    "estimated_effort": "Trivial - single line change, approximately 30 seconds to implement"
  },
  "implementation": {
    "success": true,
    "files_changed": [
      "tests/generated/test_debate_validation.py"
    ],
    "tests_passed": 1,
    "tests_failed": 0,
    "commit_hash": null,
    "error": null
  },
  "costs": [
    {
      "agent_name": "bug_researcher",
      "input_tokens": 0,
      "output_tokens": 0,
      "cost_usd": 0.1991725,
      "timestamp": "2025-12-12T20:52:04.914270Z"
    },
    {
      "agent_name": "root_cause_analyzer",
      "input_tokens": 0,
      "output_tokens": 0,
      "cost_usd": 0.083022,
      "timestamp": "2025-12-12T20:52:21.735124Z"
    },
    {
      "agent_name": "root_cause_debate",
      "input_tokens": 0,
      "output_tokens": 0,
      "cost_usd": 0.0,
      "timestamp": "2025-12-12T20:52:46.579169Z"
    },
    {
      "agent_name": "fix_planner",
      "input_tokens": 0,
      "output_tokens": 0,
      "cost_usd": 0.09113924999999999,
      "timestamp": "2025-12-12T20:53:14.478983Z"
    },
    {
      "agent_name": "fix_plan_debate",
      "input_tokens": 0,
      "output_tokens": 0,
      "cost_usd": 0.0,
      "timestamp": "2025-12-12T20:54:04.367662Z"
    }
  ],
  "transitions": [
    {
      "from_phase": "created",
      "to_phase": "reproducing",
      "timestamp": "2025-12-12T20:51:40.774900Z",
      "trigger": "auto",
      "metadata": {}
    },
    {
      "from_phase": "reproducing",
      "to_phase": "reproduced",
      "timestamp": "2025-12-12T20:52:04.914287Z",
      "trigger": "agent_output",
      "metadata": {}
    },
    {
      "from_phase": "reproduced",
      "to_phase": "analyzing",
      "timestamp": "2025-12-12T20:52:04.916020Z",
      "trigger": "auto",
      "metadata": {}
    },
    {
      "from_phase": "analyzing",
      "to_phase": "analyzed",
      "timestamp": "2025-12-12T20:52:46.579186Z",
      "trigger": "agent_output",
      "metadata": {}
    },
    {
      "from_phase": "analyzed",
      "to_phase": "planning",
      "timestamp": "2025-12-12T20:52:46.580610Z",
      "trigger": "auto",
      "metadata": {}
    },
    {
      "from_phase": "planning",
      "to_phase": "planned",
      "timestamp": "2025-12-12T20:54:04.367679Z",
      "trigger": "agent_output",
      "metadata": {}
    },
    {
      "from_phase": "planned",
      "to_phase": "approved",
      "timestamp": "2025-12-12T20:57:48.776413Z",
      "trigger": "user_command",
      "metadata": {}
    },
    {
      "from_phase": "approved",
      "to_phase": "implementing",
      "timestamp": "2025-12-12T20:57:53.960863Z",
      "trigger": "auto",
      "metadata": {}
    },
    {
      "from_phase": "implementing",
      "to_phase": "verifying",
      "timestamp": "2025-12-12T20:57:53.961904Z",
      "trigger": "auto",
      "metadata": {}
    },
    {
      "from_phase": "verifying",
      "to_phase": "fixed",
      "timestamp": "2025-12-12T20:57:54.134233Z",
      "trigger": "auto",
      "metadata": {}
    }
  ],
  "approval_record": {
    "approved_by": "philipjcortes",
    "approved_at": "2025-12-12T20:57:48.776345Z",
    "fix_plan_hash": "a1e438129d854175088be226f0d325255a7dae399c0d2a0cc75f1a8688d923c9"
  },
  "debate_history": {
    "root_cause_rounds": [
      {
        "round_number": 1,
        "scores": {
          "evidence_quality": 1.0,
          "hypothesis_correctness": 1.0,
          "completeness": 1.0,
          "alternative_consideration": 0.9
        },
        "issues": [],
        "improvements": [],
        "recommendation": "APPROVE",
        "continue_debate": false,
        "timestamp": "2025-12-12T20:52:46.579146Z",
        "critic_cost_usd": 0.0,
        "moderator_cost_usd": 0.0
      }
    ],
    "fix_plan_rounds": [
      {
        "round_number": 1,
        "scores": {
          "correctness": 0.9,
          "completeness": 0.9,
          "risk_assessment": 0.8,
          "test_coverage": 0.85,
          "side_effect_analysis": 0.75
        },
        "issues": [],
        "improvements": [],
        "recommendation": "APPROVE",
        "continue_debate": false,
        "timestamp": "2025-12-12T20:54:04.367637Z",
        "critic_cost_usd": 0.0,
        "moderator_cost_usd": 0.0
      }
    ]
  },
  "blocked_reason": null,
  "rejection_reason": null,
  "notes": [],
  "version": 1
}